<?xml version="1.0" encoding="UTF-8"?>
<!-- Generated by org.testng.reporters.JUnitReportReporter -->
<testsuite skipped="0" hostname="GIND04LXB0Q2VP2" name="com.crm.qa.TestCases.HomePageTest" tests="3" failures="0" timestamp="20 Dec 2018 06:36:28 GMT" time="145.913" errors="0">
  <testcase name="VerifyHomePageTitleTest" time="43.503" classname="com.crm.qa.TestCases.HomePageTest"/>
  <testcase name="VerifyUserName" time="49.840" classname="com.crm.qa.TestCases.HomePageTest"/>
  <testcase name="verifyContactsLinkTest" time="52.570" classname="com.crm.qa.TestCases.HomePageTest"/>
</testsuite> <!-- com.crm.qa.TestCases.HomePageTest -->
