<?xml version="1.0" encoding="UTF-8"?>
<!-- Generated by org.testng.reporters.JUnitReportReporter -->
<testsuite skipped="0" hostname="GIND04LXB0Q2VP2" name="com.crm.qa.TestCases.ContactsPageTest" tests="6" failures="0" timestamp="20 Dec 2018 06:36:28 GMT" time="298.458" errors="0">
  <testcase name="verifyContactsPageLabelTest" time="58.838" classname="com.crm.qa.TestCases.ContactsPageTest"/>
  <testcase name="selectSingleContactTest" time="43.117" classname="com.crm.qa.TestCases.ContactsPageTest"/>
  <testcase name="selectMultipleContactTest" time="46.069" classname="com.crm.qa.TestCases.ContactsPageTest"/>
  <testcase name="ValidateCreateNewContact" time="48.178" classname="com.crm.qa.TestCases.ContactsPageTest"/>
  <testcase name="ValidateCreateNewContact" time="49.587" classname="com.crm.qa.TestCases.ContactsPageTest"/>
  <testcase name="ValidateCreateNewContact" time="52.669" classname="com.crm.qa.TestCases.ContactsPageTest"/>
</testsuite> <!-- com.crm.qa.TestCases.ContactsPageTest -->
