<?xml version="1.0" encoding="UTF-8"?>
<!-- Generated by org.testng.reporters.JUnitReportReporter -->
<testsuite skipped="0" hostname="GIND04LXB0Q2VP2" name="com.crm.qa.TestCases.LoginPageTest" tests="3" failures="0" timestamp="20 Dec 2018 06:36:28 GMT" time="85.072" errors="0">
  <testcase name="loginPageTitleTest" time="23.514" classname="com.crm.qa.TestCases.LoginPageTest"/>
  <testcase name="CRMImageTest" time="15.796" classname="com.crm.qa.TestCases.LoginPageTest"/>
  <testcase name="LoginTest" time="45.762" classname="com.crm.qa.TestCases.LoginPageTest"/>
</testsuite> <!-- com.crm.qa.TestCases.LoginPageTest -->
